<?xml version="1.0" encoding="UTF-8"?>
<!-- Generated by org.testng.reporters.JUnitReportReporter -->
<testsuite hostname="Krishnakumars-MacBook-Air.local" failures="0" tests="2" name="com.assignment.TestCase.TestCases1" time="5.725" errors="0" timestamp="2025-03-05T21:51:45 IST" skipped="0">
  <testcase classname="com.assignment.TestCase.TestCases1" name="userRegistration" time="4.137"/>
  <system-out/>
  <testcase classname="com.assignment.TestCase.TestCases1" name="generateToken" time="1.588"/>
  <system-out/>
</testsuite> <!-- com.assignment.TestCase.TestCases1 -->
